This file contains any messages produced by compilers while
running configure, to aid debugging if configure makes a mistake.

It was created by gnome-python-desktop configure 2.32.0, which was
generated by GNU Autoconf 2.69.  Invocation command line was

  $ /home/ikey/Projects/python-consortium/./configure --build=i486-linux-gnu --prefix=/usr --includedir=${prefix}/include --mandir=${prefix}/share/man --infodir=${prefix}/share/info --sysconfdir=/etc --localstatedir=/var --libexecdir=${prefix}/lib/python-consortium --disable-maintainer-mode --disable-dependency-tracking --disable-silent-rules

## --------- ##
## Platform. ##
## --------- ##

hostname = solusos
uname -m = i686
uname -r = 3.2.0-4-686-pae
uname -s = Linux
uname -v = #1 SMP Debian 3.2.35-2

/usr/bin/uname -p = unknown
/bin/uname -X     = unknown

/bin/arch              = unknown
/usr/bin/arch -k       = unknown
/usr/convex/getsysinfo = unknown
/usr/bin/hostinfo      = unknown
/bin/machine           = unknown
/usr/bin/oslevel       = unknown
/bin/universe          = unknown

PATH: /usr/local/bin
PATH: /usr/bin
PATH: /bin
PATH: /usr/local/games
PATH: /usr/games


## ----------- ##
## Core tests. ##
## ----------- ##

configure:2216: checking for a BSD-compatible install
configure:2284: result: /usr/bin/install -c
configure:2295: checking whether build environment is sane
configure:2345: result: yes
configure:2486: checking for a thread-safe mkdir -p
configure:2525: result: /bin/mkdir -p
configure:2538: checking for gawk
configure:2554: found /usr/bin/gawk
configure:2565: result: gawk
configure:2576: checking whether make sets $(MAKE)
configure:2598: result: yes
configure:2679: checking whether to enable maintainer-specific portions of Makefiles
configure:2688: result: no
configure:2785: checking build system type
configure:2799: result: i486-pc-linux-gnu
configure:2819: checking host system type
configure:2832: result: i486-pc-linux-gnu
configure:2873: checking how to print strings
configure:2900: result: printf
configure:2933: checking for style of include used by make
configure:2961: result: GNU
configure:3032: checking for gcc
configure:3048: found /usr/bin/gcc
configure:3059: result: gcc
configure:3288: checking for C compiler version
configure:3297: gcc --version >&5
gcc (Debian 4.7.2-4) 4.7.2
Copyright (C) 2012 Free Software Foundation, Inc.
This is free software; see the source for copying conditions.  There is NO
warranty; not even for MERCHANTABILITY or FITNESS FOR A PARTICULAR PURPOSE.

configure:3308: $? = 0
configure:3297: gcc -v >&5
Using built-in specs.
COLLECT_GCC=gcc
COLLECT_LTO_WRAPPER=/usr/lib/gcc/i486-linux-gnu/4.7/lto-wrapper
Target: i486-linux-gnu
Configured with: ../src/configure -v --with-pkgversion='Debian 4.7.2-4' --with-bugurl=file:///usr/share/doc/gcc-4.7/README.Bugs --enable-languages=c,c++,go,fortran,objc,obj-c++ --prefix=/usr --program-suffix=-4.7 --enable-shared --enable-linker-build-id --with-system-zlib --libexecdir=/usr/lib --without-included-gettext --enable-threads=posix --with-gxx-include-dir=/usr/include/c++/4.7 --libdir=/usr/lib --enable-nls --with-sysroot=/ --enable-clocale=gnu --enable-libstdcxx-debug --enable-libstdcxx-time=yes --enable-gnu-unique-object --enable-plugin --enable-objc-gc --enable-targets=all --with-arch-32=i586 --with-tune=generic --enable-checking=release --build=i486-linux-gnu --host=i486-linux-gnu --target=i486-linux-gnu
Thread model: posix
gcc version 4.7.2 (Debian 4.7.2-4) 
configure:3308: $? = 0
configure:3297: gcc -V >&5
gcc: error: unrecognized command line option '-V'
gcc: fatal error: no input files
compilation terminated.
configure:3308: $? = 4
configure:3297: gcc -qversion >&5
gcc: error: unrecognized command line option '-qversion'
gcc: fatal error: no input files
compilation terminated.
configure:3308: $? = 4
configure:3328: checking whether the C compiler works
configure:3350: gcc -g -O2 -fstack-protector --param=ssp-buffer-size=4 -Wformat -Werror=format-security -Wall -D_FORTIFY_SOURCE=2 -Wl,-z,relro conftest.c  >&5
configure:3354: $? = 0
configure:3402: result: yes
configure:3405: checking for C compiler default output file name
configure:3407: result: a.out
configure:3413: checking for suffix of executables
configure:3420: gcc -o conftest -g -O2 -fstack-protector --param=ssp-buffer-size=4 -Wformat -Werror=format-security -Wall -D_FORTIFY_SOURCE=2 -Wl,-z,relro conftest.c  >&5
configure:3424: $? = 0
configure:3446: result: 
configure:3468: checking whether we are cross compiling
configure:3476: gcc -o conftest -g -O2 -fstack-protector --param=ssp-buffer-size=4 -Wformat -Werror=format-security -Wall -D_FORTIFY_SOURCE=2 -Wl,-z,relro conftest.c  >&5
configure:3480: $? = 0
configure:3487: ./conftest
configure:3491: $? = 0
configure:3506: result: no
configure:3511: checking for suffix of object files
configure:3533: gcc -c -g -O2 -fstack-protector --param=ssp-buffer-size=4 -Wformat -Werror=format-security -Wall -D_FORTIFY_SOURCE=2 conftest.c >&5
configure:3537: $? = 0
configure:3558: result: o
configure:3562: checking whether we are using the GNU C compiler
configure:3581: gcc -c -g -O2 -fstack-protector --param=ssp-buffer-size=4 -Wformat -Werror=format-security -Wall -D_FORTIFY_SOURCE=2 conftest.c >&5
configure:3581: $? = 0
configure:3590: result: yes
configure:3599: checking whether gcc accepts -g
configure:3619: gcc -c -g -D_FORTIFY_SOURCE=2 conftest.c >&5
configure:3619: $? = 0
configure:3660: result: yes
configure:3677: checking for gcc option to accept ISO C89
configure:3740: gcc  -c -g -O2 -fstack-protector --param=ssp-buffer-size=4 -Wformat -Werror=format-security -Wall -D_FORTIFY_SOURCE=2 conftest.c >&5
configure:3740: $? = 0
configure:3753: result: none needed
configure:3775: checking dependency style of gcc
configure:3886: result: none
configure:3901: checking for a sed that does not truncate output
configure:3965: result: /bin/sed
configure:3983: checking for grep that handles long lines and -e
configure:4041: result: /bin/grep
configure:4046: checking for egrep
configure:4108: result: /bin/grep -E
configure:4113: checking for fgrep
configure:4175: result: /bin/grep -F
configure:4210: checking for ld used by gcc
configure:4277: result: /usr/bin/ld
configure:4284: checking if the linker (/usr/bin/ld) is GNU ld
configure:4299: result: yes
configure:4311: checking for BSD- or MS-compatible name lister (nm)
configure:4360: result: /usr/bin/nm -B
configure:4490: checking the name lister (/usr/bin/nm -B) interface
configure:4497: gcc -c -g -O2 -fstack-protector --param=ssp-buffer-size=4 -Wformat -Werror=format-security -Wall -D_FORTIFY_SOURCE=2 conftest.c >&5
configure:4500: /usr/bin/nm -B "conftest.o"
configure:4503: output
00000000 B some_variable
configure:4510: result: BSD nm
configure:4513: checking whether ln -s works
configure:4517: result: yes
configure:4525: checking the maximum length of command line arguments
configure:4655: result: 805306365
configure:4672: checking whether the shell understands some XSI constructs
configure:4682: result: yes
configure:4686: checking whether the shell understands "+="
configure:4692: result: yes
configure:4727: checking how to convert i486-pc-linux-gnu file names to i486-pc-linux-gnu format
configure:4767: result: func_convert_file_noop
configure:4774: checking how to convert i486-pc-linux-gnu file names to toolchain format
configure:4794: result: func_convert_file_noop
configure:4801: checking for /usr/bin/ld option to reload object files
configure:4808: result: -r
configure:4882: checking for objdump
configure:4898: found /usr/bin/objdump
configure:4909: result: objdump
configure:4941: checking how to recognize dependent libraries
configure:5139: result: pass_all
configure:5224: checking for dlltool
configure:5254: result: no
configure:5284: checking how to associate runtime and link libraries
configure:5311: result: printf %s\n
configure:5372: checking for ar
configure:5388: found /usr/bin/ar
configure:5399: result: ar
configure:5436: checking for archiver @FILE support
configure:5453: gcc -c -g -O2 -fstack-protector --param=ssp-buffer-size=4 -Wformat -Werror=format-security -Wall -D_FORTIFY_SOURCE=2 conftest.c >&5
configure:5453: $? = 0
configure:5456: ar cru libconftest.a @conftest.lst >&5
configure:5459: $? = 0
configure:5464: ar cru libconftest.a @conftest.lst >&5
ar: conftest.o: No such file or directory
configure:5467: $? = 1
configure:5479: result: @
configure:5537: checking for strip
configure:5553: found /usr/bin/strip
configure:5564: result: strip
configure:5636: checking for ranlib
configure:5652: found /usr/bin/ranlib
configure:5663: result: ranlib
configure:5765: checking command to parse /usr/bin/nm -B output from gcc object
configure:5885: gcc -c -g -O2 -fstack-protector --param=ssp-buffer-size=4 -Wformat -Werror=format-security -Wall -D_FORTIFY_SOURCE=2 conftest.c >&5
configure:5888: $? = 0
configure:5892: /usr/bin/nm -B conftest.o \| sed -n -e 's/^.*[ ]\([ABCDGIRSTW][ABCDGIRSTW]*\)[ ][ ]*\([_A-Za-z][_A-Za-z0-9]*\)$/\1 \2 \2/p' | sed '/ __gnu_lto/d' \> conftest.nm
configure:5895: $? = 0
configure:5961: gcc -o conftest -g -O2 -fstack-protector --param=ssp-buffer-size=4 -Wformat -Werror=format-security -Wall -D_FORTIFY_SOURCE=2 -Wl,-z,relro conftest.c conftstm.o >&5
configure:5964: $? = 0
configure:6002: result: ok
configure:6039: checking for sysroot
configure:6069: result: no
configure:6325: checking for mt
configure:6341: found /bin/mt
configure:6352: result: mt
configure:6375: checking if mt is a manifest tool
configure:6381: mt '-?'
configure:6389: result: no
configure:7031: checking how to run the C preprocessor
configure:7062: gcc -E -D_FORTIFY_SOURCE=2 conftest.c
configure:7062: $? = 0
configure:7076: gcc -E -D_FORTIFY_SOURCE=2 conftest.c
conftest.c:14:28: fatal error: ac_nonexistent.h: No such file or directory
compilation terminated.
configure:7076: $? = 1
configure: failed program was:
| /* confdefs.h */
| #define PACKAGE_NAME "gnome-python-desktop"
| #define PACKAGE_TARNAME "gnome-python-desktop"
| #define PACKAGE_VERSION "2.32.0"
| #define PACKAGE_STRING "gnome-python-desktop 2.32.0"
| #define PACKAGE_BUGREPORT "http://bugzilla.gnome.org/enter_bug.cgi?product=gnome-python"
| #define PACKAGE_URL ""
| #define PACKAGE "gnome-python-desktop"
| #define VERSION "2.32.0"
| #define GNOME_PYTHON_DESKTOP_MAJOR_VERSION 2
| #define GNOME_PYTHON_DESKTOP_MINOR_VERSION 32
| #define GNOME_PYTHON_DESKTOP_MICRO_VERSION 0
| /* end confdefs.h.  */
| #include <ac_nonexistent.h>
configure:7101: result: gcc -E
configure:7121: gcc -E -D_FORTIFY_SOURCE=2 conftest.c
configure:7121: $? = 0
configure:7135: gcc -E -D_FORTIFY_SOURCE=2 conftest.c
conftest.c:14:28: fatal error: ac_nonexistent.h: No such file or directory
compilation terminated.
configure:7135: $? = 1
configure: failed program was:
| /* confdefs.h */
| #define PACKAGE_NAME "gnome-python-desktop"
| #define PACKAGE_TARNAME "gnome-python-desktop"
| #define PACKAGE_VERSION "2.32.0"
| #define PACKAGE_STRING "gnome-python-desktop 2.32.0"
| #define PACKAGE_BUGREPORT "http://bugzilla.gnome.org/enter_bug.cgi?product=gnome-python"
| #define PACKAGE_URL ""
| #define PACKAGE "gnome-python-desktop"
| #define VERSION "2.32.0"
| #define GNOME_PYTHON_DESKTOP_MAJOR_VERSION 2
| #define GNOME_PYTHON_DESKTOP_MINOR_VERSION 32
| #define GNOME_PYTHON_DESKTOP_MICRO_VERSION 0
| /* end confdefs.h.  */
| #include <ac_nonexistent.h>
configure:7164: checking for ANSI C header files
configure:7184: gcc -c -g -O2 -fstack-protector --param=ssp-buffer-size=4 -Wformat -Werror=format-security -Wall -D_FORTIFY_SOURCE=2 conftest.c >&5
configure:7184: $? = 0
configure:7257: gcc -o conftest -g -O2 -fstack-protector --param=ssp-buffer-size=4 -Wformat -Werror=format-security -Wall -D_FORTIFY_SOURCE=2 -Wl,-z,relro conftest.c  >&5
configure:7257: $? = 0
configure:7257: ./conftest
configure:7257: $? = 0
configure:7268: result: yes
configure:7281: checking for sys/types.h
configure:7281: gcc -c -g -O2 -fstack-protector --param=ssp-buffer-size=4 -Wformat -Werror=format-security -Wall -D_FORTIFY_SOURCE=2 conftest.c >&5
configure:7281: $? = 0
configure:7281: result: yes
configure:7281: checking for sys/stat.h
configure:7281: gcc -c -g -O2 -fstack-protector --param=ssp-buffer-size=4 -Wformat -Werror=format-security -Wall -D_FORTIFY_SOURCE=2 conftest.c >&5
configure:7281: $? = 0
configure:7281: result: yes
configure:7281: checking for stdlib.h
configure:7281: gcc -c -g -O2 -fstack-protector --param=ssp-buffer-size=4 -Wformat -Werror=format-security -Wall -D_FORTIFY_SOURCE=2 conftest.c >&5
configure:7281: $? = 0
configure:7281: result: yes
configure:7281: checking for string.h
configure:7281: gcc -c -g -O2 -fstack-protector --param=ssp-buffer-size=4 -Wformat -Werror=format-security -Wall -D_FORTIFY_SOURCE=2 conftest.c >&5
configure:7281: $? = 0
configure:7281: result: yes
configure:7281: checking for memory.h
configure:7281: gcc -c -g -O2 -fstack-protector --param=ssp-buffer-size=4 -Wformat -Werror=format-security -Wall -D_FORTIFY_SOURCE=2 conftest.c >&5
configure:7281: $? = 0
configure:7281: result: yes
configure:7281: checking for strings.h
configure:7281: gcc -c -g -O2 -fstack-protector --param=ssp-buffer-size=4 -Wformat -Werror=format-security -Wall -D_FORTIFY_SOURCE=2 conftest.c >&5
configure:7281: $? = 0
configure:7281: result: yes
configure:7281: checking for inttypes.h
configure:7281: gcc -c -g -O2 -fstack-protector --param=ssp-buffer-size=4 -Wformat -Werror=format-security -Wall -D_FORTIFY_SOURCE=2 conftest.c >&5
configure:7281: $? = 0
configure:7281: result: yes
configure:7281: checking for stdint.h
configure:7281: gcc -c -g -O2 -fstack-protector --param=ssp-buffer-size=4 -Wformat -Werror=format-security -Wall -D_FORTIFY_SOURCE=2 conftest.c >&5
configure:7281: $? = 0
configure:7281: result: yes
configure:7281: checking for unistd.h
configure:7281: gcc -c -g -O2 -fstack-protector --param=ssp-buffer-size=4 -Wformat -Werror=format-security -Wall -D_FORTIFY_SOURCE=2 conftest.c >&5
configure:7281: $? = 0
configure:7281: result: yes
configure:7295: checking for dlfcn.h
configure:7295: gcc -c -g -O2 -fstack-protector --param=ssp-buffer-size=4 -Wformat -Werror=format-security -Wall -D_FORTIFY_SOURCE=2 conftest.c >&5
configure:7295: $? = 0
configure:7295: result: yes
configure:7471: checking for objdir
configure:7486: result: .libs
configure:7753: checking if gcc supports -fno-rtti -fno-exceptions
configure:7771: gcc -c -g -O2 -fstack-protector --param=ssp-buffer-size=4 -Wformat -Werror=format-security -Wall -D_FORTIFY_SOURCE=2 -fno-rtti -fno-exceptions conftest.c >&5
cc1: warning: command line option '-fno-rtti' is valid for C++/ObjC++ but not for C [enabled by default]
configure:7775: $? = 0
configure:7788: result: no
configure:8115: checking for gcc option to produce PIC
configure:8122: result: -fPIC -DPIC
configure:8130: checking if gcc PIC flag -fPIC -DPIC works
configure:8148: gcc -c -g -O2 -fstack-protector --param=ssp-buffer-size=4 -Wformat -Werror=format-security -Wall -D_FORTIFY_SOURCE=2 -fPIC -DPIC -DPIC conftest.c >&5
configure:8152: $? = 0
configure:8165: result: yes
configure:8194: checking if gcc static flag -static works
configure:8222: result: yes
configure:8237: checking if gcc supports -c -o file.o
configure:8258: gcc -c -g -O2 -fstack-protector --param=ssp-buffer-size=4 -Wformat -Werror=format-security -Wall -D_FORTIFY_SOURCE=2 -o out/conftest2.o conftest.c >&5
configure:8262: $? = 0
configure:8284: result: yes
configure:8292: checking if gcc supports -c -o file.o
configure:8339: result: yes
configure:8372: checking whether the gcc linker (/usr/bin/ld) supports shared libraries
configure:9529: result: yes
configure:9566: checking whether -lc should be explicitly linked in
configure:9574: gcc -c -g -O2 -fstack-protector --param=ssp-buffer-size=4 -Wformat -Werror=format-security -Wall -D_FORTIFY_SOURCE=2 conftest.c >&5
configure:9577: $? = 0
configure:9592: gcc -shared  -fPIC -DPIC conftest.o  -v -Wl,-soname -Wl,conftest -o conftest 2\>\&1 \| /bin/grep  -lc  \>/dev/null 2\>\&1
configure:9595: $? = 0
configure:9609: result: no
configure:9769: checking dynamic linker characteristics
configure:10269: gcc -o conftest -g -O2 -fstack-protector --param=ssp-buffer-size=4 -Wformat -Werror=format-security -Wall -D_FORTIFY_SOURCE=2 -Wl,-z,relro -Wl,-rpath -Wl,/foo conftest.c  >&5
configure:10269: $? = 0
configure:10503: result: GNU/Linux ld.so
configure:10610: checking how to hardcode library paths into programs
configure:10635: result: immediate
configure:11175: checking whether stripping libraries is possible
configure:11180: result: yes
configure:11215: checking if libtool supports shared libraries
configure:11217: result: yes
configure:11220: checking whether to build shared libraries
configure:11241: result: yes
configure:11244: checking whether to build static libraries
configure:11248: result: no
configure:11286: creating ./config.lt

## ------------------ ##
## Running config.lt. ##
## ------------------ ##
config.lt:625: creating libtool
configure:12663: checking whether python2.7 version >= 2.3
configure:12674: python2.7 -c import sys # split strings by '.' and convert to numeric. Append some zeros # because we need at least 4 digits for the hex conversion. # map returns an iterator in Python 3.0 and a list in 2.x minver = list(map(int, '2.3'.split('.'))) + [0, 0, 0] minverhex = 0 # xrange is not present in Python 3.0 and range returns an iterator for i in list(range(0, 4)): minverhex = (minverhex << 8) + minver[i] sys.exit(sys.hexversion < minverhex)
configure:12677: $? = 0
configure:12679: result: yes
configure:12770: checking for python2.7 version
configure:12777: result: 2.7
configure:12789: checking for python2.7 platform
configure:12796: result: linux2
configure:12803: checking for python2.7 script directory
configure:12831: result: ${prefix}/lib/python2.7/dist-packages
configure:12840: checking for python2.7 extension module directory
configure:12868: result: ${exec_prefix}/lib/python2.7/dist-packages
configure:12882: checking for headers required to compile python extensions
configure:12901: gcc -E -D_FORTIFY_SOURCE=2 -I/usr/include/python2.7 -I/usr/include/python2.7 conftest.c
configure:12901: $? = 0
configure:12902: result: found
configure:12968: checking for pkg-config
configure:12986: found /usr/bin/pkg-config
configure:12998: result: /usr/bin/pkg-config
configure:13023: checking pkg-config is at least version 0.9.0
configure:13026: result: yes
configure:13036: checking for PYGTK
configure:13043: $PKG_CONFIG --exists --print-errors "pygtk-2.0 >= 2.10.3"
configure:13046: $? = 0
configure:13060: $PKG_CONFIG --exists --print-errors "pygtk-2.0 >= 2.10.3"
configure:13063: $? = 0
configure:13121: result: yes
configure:13128: checking for pygtk-codegen-2.0
configure:13146: found /usr/bin/pygtk-codegen-2.0
configure:13159: result: /usr/bin/pygtk-codegen-2.0
configure:13171: checking for conflicting pygtk versions
configure:13181: result: none
configure:13186: checking for pygobject defs
configure:13190: result: /usr/share/pygobject/2.0/defs
configure:13193: checking for pygtk defs
configure:13197: result: /usr/share/pygtk/2.0/defs
configure:13200: checking for gnome-python defs
configure:13204: result: 
configure:13207: checking for gnome-python argtypes dir
configure:13211: result: 
configure:13300: checking for pkg-config
configure:13330: result: /usr/bin/pkg-config
configure:13355: checking pkg-config is at least version 0.16
configure:13358: result: yes
configure:13375: checking for GLIB - version >= 2.6.0
configure:13490: gcc -o conftest -g -O2 -fstack-protector --param=ssp-buffer-size=4 -Wformat -Werror=format-security -Wall -I/usr/include/glib-2.0 -I/usr/lib/i386-linux-gnu/glib-2.0/include   -D_FORTIFY_SOURCE=2 -Wl,-z,relro conftest.c -lglib-2.0    >&5
configure:13490: $? = 0
configure:13490: ./conftest
configure:13490: $? = 0
configure:13504: result: yes (version 2.32.4)
configure:13598: checking for pkg-config
configure:13629: result: /usr/bin/pkg-config
configure:13651: checking for GTK+ - version >= 2.4.0
configure:13761: gcc -o conftest -g -O2 -fstack-protector --param=ssp-buffer-size=4 -Wformat -Werror=format-security -Wall -pthread -I/usr/include/gtk-2.0 -I/usr/lib/i386-linux-gnu/gtk-2.0/include -I/usr/include/atk-1.0 -I/usr/include/cairo -I/usr/include/gdk-pixbuf-2.0 -I/usr/include/pango-1.0 -I/usr/include/gio-unix-2.0/ -I/usr/include/glib-2.0 -I/usr/lib/i386-linux-gnu/glib-2.0/include -I/usr/include/pixman-1 -I/usr/include/freetype2 -I/usr/include/libpng12   -D_FORTIFY_SOURCE=2 -Wl,-z,relro conftest.c -lgtk-x11-2.0 -lgdk-x11-2.0 -latk-1.0 -lgio-2.0 -lpangoft2-1.0 -lpangocairo-1.0 -lgdk_pixbuf-2.0 -lcairo -lpango-1.0 -lfreetype -lfontconfig -lgobject-2.0 -lglib-2.0    >&5
configure:13761: $? = 0
configure:13761: ./conftest
configure:13761: $? = 0
configure:13775: result: yes (version 2.24.10)
configure:13841: checking for CONSORTIUM
configure:13848: $PKG_CONFIG --exists --print-errors "libconsortium-private >= 1.0"
configure:13851: $? = 0
configure:13865: $PKG_CONFIG --exists --print-errors "libconsortium-private >= 1.0"
configure:13868: $? = 0
configure:13906: result: yes
configure:13951: checking whether gcc understands -std=c9x
configure:13964: gcc -c -g -O2 -fstack-protector --param=ssp-buffer-size=4 -Wformat -Werror=format-security -Wall -std=c9x -D_FORTIFY_SOURCE=2 conftest.c >&5
configure:13964: $? = 0
configure:13970: result: yes
configure:13984: checking whether gcc understands -fno-strict-aliasing
configure:13997: gcc -c -g -O2 -fstack-protector --param=ssp-buffer-size=4 -Wformat -Werror=format-security -Wall -std=c9x -fno-strict-aliasing -D_FORTIFY_SOURCE=2 conftest.c >&5
configure:13997: $? = 0
configure:14003: result: yes
configure:14147: creating ./config.status

## ---------------------- ##
## Running config.status. ##
## ---------------------- ##

This file was extended by gnome-python-desktop config.status 2.32.0, which was
generated by GNU Autoconf 2.69.  Invocation command line was

  CONFIG_FILES    = 
  CONFIG_HEADERS  = 
  CONFIG_LINKS    = 
  CONFIG_COMMANDS = 
  $ ./config.status 

on solusos

config.status:1124: creating Makefile
config.status:1124: creating consortium/Makefile
config.status:1124: creating config.h
config.status:1338: executing depfiles commands
config.status:1338: executing libtool commands
configure:16371: WARNING: unrecognized options: --disable-silent-rules

## ---------------- ##
## Cache variables. ##
## ---------------- ##

ac_cv_build=i486-pc-linux-gnu
ac_cv_c_compiler_gnu=yes
ac_cv_env_CC_set=
ac_cv_env_CC_value=
ac_cv_env_CFLAGS_set=set
ac_cv_env_CFLAGS_value='-g -O2 -fstack-protector --param=ssp-buffer-size=4 -Wformat -Werror=format-security -Wall'
ac_cv_env_CONSORTIUM_CFLAGS_set=
ac_cv_env_CONSORTIUM_CFLAGS_value=
ac_cv_env_CONSORTIUM_LIBS_set=
ac_cv_env_CONSORTIUM_LIBS_value=
ac_cv_env_CPPFLAGS_set=set
ac_cv_env_CPPFLAGS_value=-D_FORTIFY_SOURCE=2
ac_cv_env_CPP_set=
ac_cv_env_CPP_value=
ac_cv_env_LDFLAGS_set=set
ac_cv_env_LDFLAGS_value=-Wl,-z,relro
ac_cv_env_LIBS_set=
ac_cv_env_LIBS_value=
ac_cv_env_PKG_CONFIG_LIBDIR_set=
ac_cv_env_PKG_CONFIG_LIBDIR_value=
ac_cv_env_PKG_CONFIG_PATH_set=
ac_cv_env_PKG_CONFIG_PATH_value=
ac_cv_env_PKG_CONFIG_set=
ac_cv_env_PKG_CONFIG_value=
ac_cv_env_PYGTK_CFLAGS_set=
ac_cv_env_PYGTK_CFLAGS_value=
ac_cv_env_PYGTK_LIBS_set=
ac_cv_env_PYGTK_LIBS_value=
ac_cv_env_PYTHON_set=set
ac_cv_env_PYTHON_value=python2.7
ac_cv_env_build_alias_set=set
ac_cv_env_build_alias_value=i486-linux-gnu
ac_cv_env_host_alias_set=
ac_cv_env_host_alias_value=
ac_cv_env_target_alias_set=
ac_cv_env_target_alias_value=
ac_cv_header_dlfcn_h=yes
ac_cv_header_inttypes_h=yes
ac_cv_header_memory_h=yes
ac_cv_header_stdc=yes
ac_cv_header_stdint_h=yes
ac_cv_header_stdlib_h=yes
ac_cv_header_string_h=yes
ac_cv_header_strings_h=yes
ac_cv_header_sys_stat_h=yes
ac_cv_header_sys_types_h=yes
ac_cv_header_unistd_h=yes
ac_cv_host=i486-pc-linux-gnu
ac_cv_objext=o
ac_cv_path_EGREP='/bin/grep -E'
ac_cv_path_FGREP='/bin/grep -F'
ac_cv_path_GREP=/bin/grep
ac_cv_path_PKG_CONFIG=/usr/bin/pkg-config
ac_cv_path_PYGTK_CODEGEN=/usr/bin/pygtk-codegen-2.0
ac_cv_path_SED=/bin/sed
ac_cv_path_ac_pt_PKG_CONFIG=/usr/bin/pkg-config
ac_cv_path_install='/usr/bin/install -c'
ac_cv_path_mkdir=/bin/mkdir
ac_cv_prog_AWK=gawk
ac_cv_prog_CPP='gcc -E'
ac_cv_prog_ac_ct_AR=ar
ac_cv_prog_ac_ct_CC=gcc
ac_cv_prog_ac_ct_MANIFEST_TOOL=mt
ac_cv_prog_ac_ct_OBJDUMP=objdump
ac_cv_prog_ac_ct_RANLIB=ranlib
ac_cv_prog_ac_ct_STRIP=strip
ac_cv_prog_cc_c89=
ac_cv_prog_cc_g=yes
ac_cv_prog_make_make_set=yes
am_cv_CC_dependencies_compiler_type=none
am_cv_python_platform=linux2
am_cv_python_pyexecdir='${exec_prefix}/lib/python2.7/dist-packages'
am_cv_python_pythondir='${prefix}/lib/python2.7/dist-packages'
am_cv_python_version=2.7
lt_cv_ar_at_file=@
lt_cv_archive_cmds_need_lc=no
lt_cv_deplibs_check_method=pass_all
lt_cv_file_magic_cmd='$MAGIC_CMD'
lt_cv_file_magic_test_file=
lt_cv_ld_reload_flag=-r
lt_cv_nm_interface='BSD nm'
lt_cv_objdir=.libs
lt_cv_path_LD=/usr/bin/ld
lt_cv_path_NM='/usr/bin/nm -B'
lt_cv_path_mainfest_tool=no
lt_cv_prog_compiler_c_o=yes
lt_cv_prog_compiler_pic='-fPIC -DPIC'
lt_cv_prog_compiler_pic_works=yes
lt_cv_prog_compiler_rtti_exceptions=no
lt_cv_prog_compiler_static_works=yes
lt_cv_prog_gnu_ld=yes
lt_cv_sharedlib_from_linklib_cmd='printf %s\n'
lt_cv_shlibpath_overrides_runpath=no
lt_cv_sys_global_symbol_pipe='sed -n -e '\''s/^.*[	 ]\([ABCDGIRSTW][ABCDGIRSTW]*\)[	 ][	 ]*\([_A-Za-z][_A-Za-z0-9]*\)$/\1 \2 \2/p'\'' | sed '\''/ __gnu_lto/d'\'''
lt_cv_sys_global_symbol_to_c_name_address='sed -n -e '\''s/^: \([^ ]*\)[ ]*$/  {\"\1\", (void *) 0},/p'\'' -e '\''s/^[ABCDGIRSTW]* \([^ ]*\) \([^ ]*\)$/  {"\2", (void *) \&\2},/p'\'''
lt_cv_sys_global_symbol_to_c_name_address_lib_prefix='sed -n -e '\''s/^: \([^ ]*\)[ ]*$/  {\"\1\", (void *) 0},/p'\'' -e '\''s/^[ABCDGIRSTW]* \([^ ]*\) \(lib[^ ]*\)$/  {"\2", (void *) \&\2},/p'\'' -e '\''s/^[ABCDGIRSTW]* \([^ ]*\) \([^ ]*\)$/  {"lib\2", (void *) \&\2},/p'\'''
lt_cv_sys_global_symbol_to_cdecl='sed -n -e '\''s/^T .* \(.*\)$/extern int \1();/p'\'' -e '\''s/^[ABCDGIRSTW]* .* \(.*\)$/extern char \1;/p'\'''
lt_cv_sys_max_cmd_len=805306365
lt_cv_to_host_file_cmd=func_convert_file_noop
lt_cv_to_tool_file_cmd=func_convert_file_noop
pkg_cv_CONSORTIUM_CFLAGS='-pthread -I/usr/include/gtk-2.0 -I/usr/lib/i386-linux-gnu/gtk-2.0/include -I/usr/include/atk-1.0 -I/usr/include/cairo -I/usr/include/gdk-pixbuf-2.0 -I/usr/include/pango-1.0 -I/usr/include/gio-unix-2.0/ -I/usr/include/glib-2.0 -I/usr/lib/i386-linux-gnu/glib-2.0/include -I/usr/include/pixman-1 -I/usr/include/freetype2 -I/usr/include/libpng12 -I/usr/include/consortium-1  '
pkg_cv_CONSORTIUM_LIBS='-lconsortium-private -lgtk-x11-2.0 -lgdk-x11-2.0 -latk-1.0 -lgio-2.0 -lpangoft2-1.0 -lpangocairo-1.0 -lgdk_pixbuf-2.0 -lcairo -lpango-1.0 -lfreetype -lfontconfig -lgobject-2.0 -lglib-2.0  '
pkg_cv_PYGTK_CFLAGS='-pthread -I/usr/include/gtk-2.0 -I/usr/include/glib-2.0 -I/usr/lib/i386-linux-gnu/glib-2.0/include -I/usr/lib/i386-linux-gnu/gtk-2.0/include -I/usr/include/atk-1.0 -I/usr/include/cairo -I/usr/include/gdk-pixbuf-2.0 -I/usr/include/pango-1.0 -I/usr/include/gio-unix-2.0/ -I/usr/include/pixman-1 -I/usr/include/freetype2 -I/usr/include/libpng12 -I/usr/include/pygtk-2.0  '
pkg_cv_PYGTK_LIBS='-lgtk-x11-2.0 -lgdk-x11-2.0 -latk-1.0 -lgio-2.0 -lpangoft2-1.0 -lpangocairo-1.0 -lgdk_pixbuf-2.0 -lcairo -lpango-1.0 -lfreetype -lfontconfig -lgobject-2.0 -lglib-2.0  '

## ----------------- ##
## Output variables. ##
## ----------------- ##

ACLOCAL='${SHELL} /home/ikey/Projects/python-consortium/missing --run aclocal-1.11'
ACLOCAL_AMFLAGS='${ACLOCAL_FLAGS}'
AMDEPBACKSLASH=''
AMDEP_FALSE=''
AMDEP_TRUE='#'
AMTAR='$${TAR-tar}'
AR='ar'
AUTOCONF='${SHELL} /home/ikey/Projects/python-consortium/missing --run autoconf'
AUTOHEADER='${SHELL} /home/ikey/Projects/python-consortium/missing --run autoheader'
AUTOMAKE='${SHELL} /home/ikey/Projects/python-consortium/missing --run automake-1.11'
AWK='gawk'
CC='gcc'
CCDEPMODE='depmode=none'
CFLAGS='-g -O2 -fstack-protector --param=ssp-buffer-size=4 -Wformat -Werror=format-security -Wall -std=c9x -fno-strict-aliasing'
CONSORTIUM_CFLAGS='-pthread -I/usr/include/gtk-2.0 -I/usr/lib/i386-linux-gnu/gtk-2.0/include -I/usr/include/atk-1.0 -I/usr/include/cairo -I/usr/include/gdk-pixbuf-2.0 -I/usr/include/pango-1.0 -I/usr/include/gio-unix-2.0/ -I/usr/include/glib-2.0 -I/usr/lib/i386-linux-gnu/glib-2.0/include -I/usr/include/pixman-1 -I/usr/include/freetype2 -I/usr/include/libpng12 -I/usr/include/consortium-1  '
CONSORTIUM_LIBS='-lconsortium-private -lgtk-x11-2.0 -lgdk-x11-2.0 -latk-1.0 -lgio-2.0 -lpangoft2-1.0 -lpangocairo-1.0 -lgdk_pixbuf-2.0 -lcairo -lpango-1.0 -lfreetype -lfontconfig -lgobject-2.0 -lglib-2.0  '
CPP='gcc -E'
CPPFLAGS='-D_FORTIFY_SOURCE=2'
CYGPATH_W='echo'
DEFS='-DHAVE_CONFIG_H'
DEPDIR='.deps'
DLLTOOL='false'
DSYMUTIL=''
DUMPBIN=''
ECHO_C=''
ECHO_N='-n'
ECHO_T=''
EGREP='/bin/grep -E'
EXEEXT=''
FGREP='/bin/grep -F'
GLIB_CFLAGS='-I/usr/include/glib-2.0 -I/usr/lib/i386-linux-gnu/glib-2.0/include  '
GLIB_COMPILE_RESOURCES='/usr/lib/i386-linux-gnu/glib-2.0/glib-compile-resources'
GLIB_GENMARSHAL='glib-genmarshal'
GLIB_LIBS='-lglib-2.0'
GLIB_MKENUMS='glib-mkenums'
GNOMEPYTHON_DEFSDIR=''
GNOME_PYTHON_ARGTYPES_DIR=''
GOBJECT_QUERY='gobject-query'
GREP='/bin/grep'
GTK_CFLAGS='-pthread -I/usr/include/gtk-2.0 -I/usr/lib/i386-linux-gnu/gtk-2.0/include -I/usr/include/atk-1.0 -I/usr/include/cairo -I/usr/include/gdk-pixbuf-2.0 -I/usr/include/pango-1.0 -I/usr/include/gio-unix-2.0/ -I/usr/include/glib-2.0 -I/usr/lib/i386-linux-gnu/glib-2.0/include -I/usr/include/pixman-1 -I/usr/include/freetype2 -I/usr/include/libpng12  '
GTK_LIBS='-lgtk-x11-2.0 -lgdk-x11-2.0 -latk-1.0 -lgio-2.0 -lpangoft2-1.0 -lpangocairo-1.0 -lgdk_pixbuf-2.0 -lcairo -lpango-1.0 -lfreetype -lfontconfig -lgobject-2.0 -lglib-2.0'
INSTALL_DATA='${INSTALL} -m 644'
INSTALL_PROGRAM='${INSTALL}'
INSTALL_SCRIPT='${INSTALL}'
INSTALL_STRIP_PROGRAM='$(install_sh) -c -s'
LD='/usr/bin/ld'
LDFLAGS='-Wl,-z,relro'
LIBOBJS=''
LIBS=''
LIBTOOL='$(SHELL) $(top_builddir)/libtool'
LIPO=''
LN_S='ln -s'
LTLIBOBJS=''
MAINT='#'
MAINTAINER_MODE_FALSE=''
MAINTAINER_MODE_TRUE='#'
MAKEINFO='${SHELL} /home/ikey/Projects/python-consortium/missing --run makeinfo'
MANIFEST_TOOL=':'
MKDIR_P='/bin/mkdir -p'
NM='/usr/bin/nm -B'
NMEDIT=''
OBJDUMP='objdump'
OBJEXT='o'
OTOOL64=''
OTOOL=''
PACKAGE='gnome-python-desktop'
PACKAGE_BUGREPORT='http://bugzilla.gnome.org/enter_bug.cgi?product=gnome-python'
PACKAGE_NAME='gnome-python-desktop'
PACKAGE_STRING='gnome-python-desktop 2.32.0'
PACKAGE_TARNAME='gnome-python-desktop'
PACKAGE_URL=''
PACKAGE_VERSION='2.32.0'
PATH_SEPARATOR=':'
PKG_CONFIG='/usr/bin/pkg-config'
PKG_CONFIG_LIBDIR=''
PKG_CONFIG_PATH=''
PYGOBJECT_DEFSDIR='/usr/share/pygobject/2.0/defs'
PYGTK_CFLAGS='-pthread -I/usr/include/gtk-2.0 -I/usr/include/glib-2.0 -I/usr/lib/i386-linux-gnu/glib-2.0/include -I/usr/lib/i386-linux-gnu/gtk-2.0/include -I/usr/include/atk-1.0 -I/usr/include/cairo -I/usr/include/gdk-pixbuf-2.0 -I/usr/include/pango-1.0 -I/usr/include/gio-unix-2.0/ -I/usr/include/pixman-1 -I/usr/include/freetype2 -I/usr/include/libpng12 -I/usr/include/pygtk-2.0  '
PYGTK_CODEGEN='/usr/bin/pygtk-codegen-2.0'
PYGTK_DEFSDIR='/usr/share/pygtk/2.0/defs'
PYGTK_LIBS='-lgtk-x11-2.0 -lgdk-x11-2.0 -latk-1.0 -lgio-2.0 -lpangoft2-1.0 -lpangocairo-1.0 -lgdk_pixbuf-2.0 -lcairo -lpango-1.0 -lfreetype -lfontconfig -lgobject-2.0 -lglib-2.0  '
PYTHON='python2.7'
PYTHON_EXEC_PREFIX='${exec_prefix}'
PYTHON_INCLUDES='-I/usr/include/python2.7 -I/usr/include/python2.7'
PYTHON_PLATFORM='linux2'
PYTHON_PREFIX='${prefix}'
PYTHON_VERSION='2.7'
RANLIB='ranlib'
SED='/bin/sed'
SET_MAKE=''
SHELL='/bin/bash'
STRIP='strip'
VERSION='2.32.0'
ac_ct_AR='ar'
ac_ct_CC='gcc'
ac_ct_DUMPBIN=''
am__EXEEXT_FALSE=''
am__EXEEXT_TRUE='#'
am__fastdepCC_FALSE=''
am__fastdepCC_TRUE='#'
am__include='include'
am__isrc=' -I$(srcdir)'
am__leading_dot='.'
am__nodep=''
am__quote=''
am__tar='$${TAR-tar} chof - "$$tardir"'
am__untar='$${TAR-tar} xf -'
bindir='${exec_prefix}/bin'
build='i486-pc-linux-gnu'
build_alias='i486-linux-gnu'
build_cpu='i486'
build_os='linux-gnu'
build_vendor='pc'
datadir='${datarootdir}'
datarootdir='${prefix}/share'
docdir='${datarootdir}/doc/${PACKAGE_TARNAME}'
dvidir='${docdir}'
exec_prefix='${prefix}'
host='i486-pc-linux-gnu'
host_alias=''
host_cpu='i486'
host_os='linux-gnu'
host_vendor='pc'
htmldir='${docdir}'
includedir='${prefix}/include'
infodir='${prefix}/share/info'
install_sh='${SHELL} /home/ikey/Projects/python-consortium/install-sh'
libdir='${exec_prefix}/lib'
libexecdir='${prefix}/lib/python-consortium'
localedir='${datarootdir}/locale'
localstatedir='/var'
mandir='${prefix}/share/man'
mkdir_p='/bin/mkdir -p'
oldincludedir='/usr/include'
pdfdir='${docdir}'
pkgpyexecdir='${pyexecdir}/gnome-python-desktop'
pkgpythondir='${pythondir}/gnome-python-desktop'
prefix='/usr'
program_transform_name='s,x,x,'
psdir='${docdir}'
pyexecdir='${exec_prefix}/lib/python2.7/dist-packages'
pythondir='${prefix}/lib/python2.7/dist-packages'
sbindir='${exec_prefix}/sbin'
sharedstatedir='${prefix}/com'
sysconfdir='/etc'
target_alias=''

## ----------- ##
## confdefs.h. ##
## ----------- ##

/* confdefs.h */
#define PACKAGE_NAME "gnome-python-desktop"
#define PACKAGE_TARNAME "gnome-python-desktop"
#define PACKAGE_VERSION "2.32.0"
#define PACKAGE_STRING "gnome-python-desktop 2.32.0"
#define PACKAGE_BUGREPORT "http://bugzilla.gnome.org/enter_bug.cgi?product=gnome-python"
#define PACKAGE_URL ""
#define PACKAGE "gnome-python-desktop"
#define VERSION "2.32.0"
#define GNOME_PYTHON_DESKTOP_MAJOR_VERSION 2
#define GNOME_PYTHON_DESKTOP_MINOR_VERSION 32
#define GNOME_PYTHON_DESKTOP_MICRO_VERSION 0
#define STDC_HEADERS 1
#define HAVE_SYS_TYPES_H 1
#define HAVE_SYS_STAT_H 1
#define HAVE_STDLIB_H 1
#define HAVE_STRING_H 1
#define HAVE_MEMORY_H 1
#define HAVE_STRINGS_H 1
#define HAVE_INTTYPES_H 1
#define HAVE_STDINT_H 1
#define HAVE_UNISTD_H 1
#define HAVE_DLFCN_H 1
#define LT_OBJDIR ".libs/"

configure: exit 0
